First Name: test
Last Name: test
Email: test
Phone: test
ID: test
City: test
State: test
Zip: test
Street: test
Account: test
Routing: test
Amount: test
Date: testtest
Check: test
Store: test
Cashier: test
First Name: 
Last Name: 
Email: 
Phone: 
ID: 
City: 
State: 
Zip: 
Street: 
Account: 123
Routing: 
Amount: 
Date: 
Check: 
Store: 
Cashier: 
First Name: 
Last Name: 
Email: 
Phone: 
ID: 
City: 
State: 
Zip: 
Street: 
Account: 123
Routing: 
Amount: 
Date: 
Check: 
Store: 
Cashier: 
First Name: bob
First Name: testt
First Name: test
Last Name: test
Email: test
Phone: 80362292553
ID: 20645
City: test
State: te
Zip: 16565
Street: 3 blah b
Account: 254986
Routing: 6549784
Amount: 360
Date: 2010/03/04
Check: 16547
Store: 321
Cashier: 321
First Name: test
First Name: test
Last Name: test
Email: test
Phone: 33
ID: 33
City: test
State: te
Zip: 33
Street: test 3
Account: 33
Routing: 33
Amount: 33
Date: 2010/03/03
Check: 45
Store: 4
Cashier: 45
